<?xml version="1.0" encoding="UTF-8"?>
<!-- Generated by org.testng.reporters.JUnitXMLReporter -->
<testsuite ignored="0" hostname="DESKTOP-HGM17N5" failures="0" tests="16" name="Test" time="0.321" errors="0" timestamp="2024-05-07T20:34:47 IST">
  <testcase classname="testNg.base4" name="cricketMens" time="0.015"/>
  <testcase classname="testNg.base4" name="cricketWom" time="0.003"/>
  <testcase classname="testNg.base4" name="hokyMen" time="0.003"/>
  <testcase classname="testNg.base4" name="hokyWom" time="0.003"/>
  <testcase classname="testNg.base2" name="bikeloan" time="0.003"/>
  <testcase classname="testNg.base2" name="carloan" time="0.002"/>
  <testcase classname="testNg.base2" name="homeloan" time="0.04"/>
  <testcase classname="testNg.base2" name="personalloan" time="0.007"/>
  <testcase classname="testNg.base3" name="Citytraffic" time="0.011"/>
  <testcase classname="testNg.base3" name="Punetraffic" time="0.005"/>
  <testcase classname="testNg.base3" name="mumbaitraffic" time="0.004"/>
  <testcase classname="testNg.base1" name="Appium" time="0.006"/>
  <testcase classname="testNg.base1" name="UIApp" time="0.003"/>
  <testcase classname="testNg.base1" name="mobileApp" time="0.013"/>
  <testcase classname="testNg.base1" name="performance" time="0.004"/>
  <testcase classname="testNg.base1" name="webApp" time="0.003"/>
</testsuite> <!-- Test -->
