<?xml version="1.0" encoding="UTF-8"?>
<!-- Generated by org.testng.reporters.JUnitXMLReporter -->
<testsuite ignored="2" hostname="DESKTOP-HGM17N5" failures="0" tests="5" name="Carloan" time="0.066" errors="0" timestamp="2024-05-10T21:25:31 IST">
  <testcase classname="testNg.base4" name="cricketStudent" time="0.002"/>
  <testcase classname="testNg.base4" name="cricketTeachers" time="0.006"/>
  <testcase classname="testNg.base4" name="cricketWom" time="0.001"/>
  <testcase classname="testNg.base3" name="trafficCity" time="0.011"/>
  <testcase classname="testNg.base3" name="trafficPune" time="0.002"/>
  <testcase classname="testNg.base3" name="trafficmumbai" time="0.0">
    <ignored/>
  </testcase> <!-- trafficmumbai -->
  <testcase classname="testNg.base4" name="cricketMens" time="0.0">
    <ignored/>
  </testcase> <!-- cricketMens -->
</testsuite> <!-- Carloan -->
