<?xml version="1.0" encoding="UTF-8"?>
<!-- Generated by org.testng.reporters.JUnitXMLReporter -->
<testsuite ignored="0" hostname="DESKTOP-HGM17N5" failures="1" tests="7" name="personalLoan" time="0.231" errors="0" timestamp="2024-05-11T11:09:29 IST">
  <testcase classname="testNg.base5" name="facebooklogin" time="0.01"/>
  <testcase classname="testNg.base5" name="facebooklogin" time="0.007"/>
  <testcase classname="testNg.base5" name="facebooklogin" time="0.005"/>
  <testcase classname="testNg.base5" name="mobileApp" time="0.003"/>
  <testcase classname="testNg.base5" name="performance" time="0.009">
    <failure type="junit.framework.AssertionFailedError">
      <![CDATA[junit.framework.AssertionFailedError
at junit.framework.Assert.fail(Assert.java:48)
at junit.framework.Assert.assertTrue(Assert.java:20)
at junit.framework.Assert.assertTrue(Assert.java:27)
at testNg.base5.performance(base5.java:82)
at java.base/java.util.ArrayList.forEach(ArrayList.java:1511)
... Removed 27 stack frames]]>
    </failure>
  </testcase> <!-- performance -->
  <testcase classname="testNg.base5" name="UIApp" time="0.002"/>
  <testcase classname="testNg.base5" name="Appium" time="0.0">
    <skipped/>
  </testcase> <!-- Appium -->
</testsuite> <!-- personalLoan -->
