<?xml version="1.0" encoding="UTF-8"?>
<!-- Generated by org.testng.reporters.JUnitXMLReporter -->
<testsuite ignored="16" hostname="DESKTOP-HGM17N5" failures="0" tests="5" name="Rgression" time="0.297" errors="0" timestamp="2024-05-10T19:48:21 IST">
  <testcase classname="testNg.base2" name="carloan" time="0.017"/>
  <testcase classname="testNg.base4" name="cricketWom" time="0.004"/>
  <testcase classname="testNg.base1" name="mobileApp" time="0.004"/>
  <testcase classname="testNg.base3" name="trafficCity" time="0.014"/>
  <testcase classname="testNg.base5" name="UIApp" time="0.003"/>
  <testcase classname="testNg.base1" name="UIApp" time="0.0">
    <ignored/>
  </testcase> <!-- UIApp -->
  <testcase classname="testNg.base5" name="webApp" time="0.0">
    <ignored/>
  </testcase> <!-- webApp -->
  <testcase classname="testNg.base2" name="personalloan" time="0.0">
    <ignored/>
  </testcase> <!-- personalloan -->
  <testcase classname="testNg.base1" name="webApp" time="0.0">
    <ignored/>
  </testcase> <!-- webApp -->
  <testcase classname="testNg.base1" name="Appium" time="0.0">
    <ignored/>
  </testcase> <!-- Appium -->
  <testcase classname="testNg.base2" name="bikeloan" time="0.0">
    <ignored/>
  </testcase> <!-- bikeloan -->
  <testcase classname="testNg.base5" name="mobileApp" time="0.0">
    <ignored/>
  </testcase> <!-- mobileApp -->
  <testcase classname="testNg.base5" name="performance" time="0.0">
    <ignored/>
  </testcase> <!-- performance -->
  <testcase classname="testNg.base2" name="homeloan" time="0.0">
    <ignored/>
  </testcase> <!-- homeloan -->
  <testcase classname="testNg.base4" name="cricketMens" time="0.0">
    <ignored/>
  </testcase> <!-- cricketMens -->
  <testcase classname="testNg.base5" name="Appium" time="0.0">
    <ignored/>
  </testcase> <!-- Appium -->
  <testcase classname="testNg.base3" name="trafficmumbai" time="0.0">
    <ignored/>
  </testcase> <!-- trafficmumbai -->
  <testcase classname="testNg.base4" name="cricketStudent" time="0.0">
    <ignored/>
  </testcase> <!-- cricketStudent -->
  <testcase classname="testNg.base4" name="cricketTeachers" time="0.0">
    <ignored/>
  </testcase> <!-- cricketTeachers -->
  <testcase classname="testNg.base3" name="trafficPune" time="0.0">
    <ignored/>
  </testcase> <!-- trafficPune -->
  <testcase classname="testNg.base1" name="performance" time="0.0">
    <ignored/>
  </testcase> <!-- performance -->
</testsuite> <!-- Rgression -->
